<?xml version="1.0" encoding="UTF-8"?>
<!-- Generated by org.testng.reporters.JUnitReportReporter -->
<testsuite skipped="0" hostname="GanesH" name="runner.RunTest" tests="1" failures="0" timestamp="24 Aug 2024 15:54:07 GMT" time="7.418" errors="0">
  <testcase name="runScenario" time="7.418" classname="runner.RunTest"/>
</testsuite> <!-- runner.RunTest -->
